Using pre-set license
Built from '2020.2/release' branch; Version is '2020.2.1f1 (270dd8c3da1c) revision 2559448'; Using compiler version '192528614'; Build Type 'Release'
OS: 'Windows 10  (10.0.0) 64bit' Language: 'en' Physical Memory: 16269 MB
BatchMode: 1, IsHumanControllingUs: 0, StartBugReporterOnCrash: 0, Is64bit: 1, IsPro: 0

 COMMAND LINE ARGUMENTS:
C:\Program Files\Unity\Hub\Editor\2020.2.1f1\Editor\Unity.exe
-adb2
-batchMode
-noUpm
-name
AssetImportWorker0
-projectPath
C:/Users/horro/Documents/GitHub/Unity/Roll a ball
-logFile
Logs/AssetImportWorker0.log
-srvPort
59640
Successfully changed project path to: C:/Users/horro/Documents/GitHub/Unity/Roll a ball
C:/Users/horro/Documents/GitHub/Unity/Roll a ball
Using Asset Import Pipeline V2.
Refreshing native plugins compatible for Editor in 31.40 ms, found 0 plugins.
Preloading 0 native plugins for Editor in 0.00 ms.
Initialize engine version: 2020.2.1f1 (270dd8c3da1c)
[Subsystems] Discovering subsystems at path C:/Program Files/Unity/Hub/Editor/2020.2.1f1/Editor/Data/Resources/UnitySubsystems
[Subsystems] Discovering subsystems at path C:/Users/horro/Documents/GitHub/Unity/Roll a ball/Assets
GfxDevice: creating device client; threaded=0
Direct3D:
    Version:  Direct3D 11.0 [level 11.1]
    Renderer: NVIDIA GeForce GTX 1080 (ID=0x1b80)
    Vendor:   
    VRAM:     8079 MB
    Driver:   26.21.14.3200
Initialize mono
Mono path[0] = 'C:/Program Files/Unity/Hub/Editor/2020.2.1f1/Editor/Data/Managed'
Mono path[1] = 'C:/Program Files/Unity/Hub/Editor/2020.2.1f1/Editor/Data/MonoBleedingEdge/lib/mono/unityjit'
Mono config path = 'C:/Program Files/Unity/Hub/Editor/2020.2.1f1/Editor/Data/MonoBleedingEdge/etc'
Using monoOptions --debugger-agent=transport=dt_socket,embedding=1,server=y,suspend=n,address=127.0.0.1:56376
Begin MonoManager ReloadAssembly
Registering precompiled unity dll's ...
Register platform support module: C:/Program Files/Unity/Hub/Editor/2020.2.1f1/Editor/Data/PlaybackEngines/MacStandaloneSupport/UnityEditor.OSXStandalone.Extensions.dll
Register platform support module: C:/Program Files/Unity/Hub/Editor/2020.2.1f1/Editor/Data/PlaybackEngines/WindowsStandaloneSupport/UnityEditor.WindowsStandalone.Extensions.dll
Registered in 0.005354 seconds.
Native extension for WindowsStandalone target not found
Native extension for OSXStandalone target not found
Refreshing native plugins compatible for Editor in 30.64 ms, found 0 plugins.
Preloading 0 native plugins for Editor in 0.00 ms.
Invoked RoslynAnalysisRunner static constructor.
RoslynAnalysisRunner will not be running.
RoslynAnalysisRunner has terminated.
Mono: successfully reloaded assembly
- Completed reload, in  2.084 seconds
Platform modules already initialized, skipping
Registering precompiled user dll's ...
Registered in 0.001301 seconds.
Begin MonoManager ReloadAssembly
Native extension for WindowsStandalone target not found
Native extension for OSXStandalone target not found
Refreshing native plugins compatible for Editor in 0.25 ms, found 0 plugins.
Preloading 0 native plugins for Editor in 0.00 ms.
Invoked RoslynAnalysisRunner static constructor.
RoslynAnalysisRunner will not be running.
RoslynAnalysisRunner has terminated.
Mono: successfully reloaded assembly
- Completed reload, in  1.151 seconds
Platform modules already initialized, skipping
========================================================================
Worker process is ready to serve import requests
Launched and connected shader compiler UnityShaderCompiler.exe after 0.06 seconds
Refreshing native plugins compatible for Editor in 0.38 ms, found 0 plugins.
Preloading 0 native plugins for Editor in 0.00 ms.
Unloading 1097 Unused Serialized files (Serialized files now loaded: 0)
System memory in use before: 55.9 MB.
System memory in use after: 56.0 MB.

Unloading 10 unused Assets to reduce memory usage. Loaded Objects now: 1536.
Total: 2.787100 ms (FindLiveObjects: 0.242200 ms CreateObjectMapping: 0.105100 ms MarkObjects: 2.365100 ms  DeleteObjects: 0.072400 ms)

========================================================================
Received Import Request.
  path: Assets/Materials
  artifactKey: Guid(48e74dee14d1e90419b2282fcf49af8a) Importer(815301076,1909f56bfc062723c751e8b465ee728b)
Start importing Assets/Materials using Guid(48e74dee14d1e90419b2282fcf49af8a) Importer(815301076,1909f56bfc062723c751e8b465ee728b)  -> (artifact id: '3e6214683140b4ee536dfd27cf3489f0') in 0.006197 seconds
  Import took 0.009766 seconds .

========================================================================
Received Import Request.
  Time since last request: 0.000491 seconds.
  path: Assets/Prefabs
  artifactKey: Guid(d0eb9f786e34edb468fcbf003a9fcbee) Importer(815301076,1909f56bfc062723c751e8b465ee728b)
Start importing Assets/Prefabs using Guid(d0eb9f786e34edb468fcbf003a9fcbee) Importer(815301076,1909f56bfc062723c751e8b465ee728b)  -> (artifact id: 'be9ef0dda936704dd44e33659c468134') in 0.005055 seconds
  Import took 0.009438 seconds .

========================================================================
Received Import Request.
  Time since last request: 21.240991 seconds.
  path: Assets/Scenes
  artifactKey: Guid(0350575085b2c2d468710085a037fa89) Importer(815301076,1909f56bfc062723c751e8b465ee728b)
Start importing Assets/Scenes using Guid(0350575085b2c2d468710085a037fa89) Importer(815301076,1909f56bfc062723c751e8b465ee728b)  -> (artifact id: 'ca770cc567579ed6e9c96e978c8589f3') in 0.004182 seconds
  Import took 0.008068 seconds .

========================================================================
Received Import Request.
  Time since last request: 0.607884 seconds.
  path: Assets/Scripts
  artifactKey: Guid(82014f1344f4cec40a15c0767178c9f7) Importer(815301076,1909f56bfc062723c751e8b465ee728b)
Start importing Assets/Scripts using Guid(82014f1344f4cec40a15c0767178c9f7) Importer(815301076,1909f56bfc062723c751e8b465ee728b)  -> (artifact id: '058a01af28b3cd432da08bfc680012ba') in 0.004052 seconds
  Import took 0.007958 seconds .

========================================================================
Received Import Request.
  Time since last request: 1.419317 seconds.
  path: Assets/Materials/Background.mat
  artifactKey: Guid(c85879b9d6d75d44dbea1fe749c43ae7) Importer(815301076,1909f56bfc062723c751e8b465ee728b)
Start importing Assets/Materials/Background.mat using Guid(c85879b9d6d75d44dbea1fe749c43ae7) Importer(815301076,1909f56bfc062723c751e8b465ee728b)  -> (artifact id: 'f8ef452324eba3d9a5bb7730da3a648a') in 0.473956 seconds
  Import took 0.477707 seconds .

========================================================================
Received Import Request.
  Time since last request: 0.000431 seconds.
  path: Assets/Materials/Pickup.mat
  artifactKey: Guid(0c5f375e049057741bb94d0a388e0d3e) Importer(815301076,1909f56bfc062723c751e8b465ee728b)
Start importing Assets/Materials/Pickup.mat using Guid(0c5f375e049057741bb94d0a388e0d3e) Importer(815301076,1909f56bfc062723c751e8b465ee728b)  -> (artifact id: '265f2bd907da49b9fb3abac5a4b3eb0c') in 0.013514 seconds
  Import took 0.017729 seconds .

========================================================================
Received Import Request.
  Time since last request: 23.667837 seconds.
  path: Assets/Prefabs/PickUp.prefab
  artifactKey: Guid(06fc5ef58bdbdf84fb96e29d9c622c9f) Importer(815301076,1909f56bfc062723c751e8b465ee728b)
Start importing Assets/Prefabs/PickUp.prefab using Guid(06fc5ef58bdbdf84fb96e29d9c622c9f) Importer(815301076,1909f56bfc062723c751e8b465ee728b)  -> (artifact id: 'bee363c452981fdeb6e223a4a8c24cbf') in 0.028607 seconds
  Import took 0.033974 seconds .

========================================================================
Received Import Request.
  Time since last request: 4.725128 seconds.
  path: Assets/Scenes/MiniGame.unity
  artifactKey: Guid(6e6487a9afb12bf4085c400a2848e0ff) Importer(815301076,1909f56bfc062723c751e8b465ee728b)
Start importing Assets/Scenes/MiniGame.unity using Guid(6e6487a9afb12bf4085c400a2848e0ff) Importer(815301076,1909f56bfc062723c751e8b465ee728b)  -> (artifact id: '15db3c69df74aa183308287806d34d48') in 0.004510 seconds
  Import took 0.008567 seconds .

========================================================================
Received Prepare
Registering precompiled user dll's ...
Registered in 0.001408 seconds.
Begin MonoManager ReloadAssembly
Native extension for WindowsStandalone target not found
Native extension for OSXStandalone target not found
Refreshing native plugins compatible for Editor in 0.24 ms, found 0 plugins.
Preloading 0 native plugins for Editor in 0.00 ms.
Invoked RoslynAnalysisRunner static constructor.
RoslynAnalysisRunner will not be running.
RoslynAnalysisRunner has terminated.
Mono: successfully reloaded assembly
- Completed reload, in  0.947 seconds
Platform modules already initialized, skipping
Refreshing native plugins compatible for Editor in 0.25 ms, found 0 plugins.
Preloading 0 native plugins for Editor in 0.00 ms.
Unloading 1092 Unused Serialized files (Serialized files now loaded: 0)
System memory in use before: 59.7 MB.
System memory in use after: 59.8 MB.

Unloading 5 unused Assets to reduce memory usage. Loaded Objects now: 1581.
Total: 1.722300 ms (FindLiveObjects: 0.121700 ms CreateObjectMapping: 0.039600 ms MarkObjects: 1.496400 ms  DeleteObjects: 0.063200 ms)

========================================================================
Received Prepare
Registering precompiled user dll's ...
Registered in 0.001850 seconds.
Begin MonoManager ReloadAssembly
Native extension for WindowsStandalone target not found
Native extension for OSXStandalone target not found
Refreshing native plugins compatible for Editor in 0.26 ms, found 0 plugins.
Preloading 0 native plugins for Editor in 0.00 ms.
Invoked RoslynAnalysisRunner static constructor.
RoslynAnalysisRunner will not be running.
RoslynAnalysisRunner has terminated.
Mono: successfully reloaded assembly
- Completed reload, in  1.246 seconds
Platform modules already initialized, skipping
Refreshing native plugins compatible for Editor in 0.28 ms, found 0 plugins.
Preloading 0 native plugins for Editor in 0.00 ms.
Unloading 1092 Unused Serialized files (Serialized files now loaded: 0)
System memory in use before: 59.8 MB.
System memory in use after: 59.9 MB.

Unloading 5 unused Assets to reduce memory usage. Loaded Objects now: 1583.
Total: 3.586400 ms (FindLiveObjects: 0.375800 ms CreateObjectMapping: 0.045400 ms MarkObjects: 3.083900 ms  DeleteObjects: 0.078800 ms)

========================================================================
Received Prepare
Registering precompiled user dll's ...
Registered in 0.001619 seconds.
Begin MonoManager ReloadAssembly
Native extension for WindowsStandalone target not found
Native extension for OSXStandalone target not found
Refreshing native plugins compatible for Editor in 0.24 ms, found 0 plugins.
Preloading 0 native plugins for Editor in 0.00 ms.
Invoked RoslynAnalysisRunner static constructor.
RoslynAnalysisRunner will not be running.
RoslynAnalysisRunner has terminated.
Mono: successfully reloaded assembly
- Completed reload, in  1.021 seconds
Platform modules already initialized, skipping
Refreshing native plugins compatible for Editor in 0.24 ms, found 0 plugins.
Preloading 0 native plugins for Editor in 0.00 ms.
Unloading 1092 Unused Serialized files (Serialized files now loaded: 0)
System memory in use before: 59.9 MB.
System memory in use after: 60.0 MB.

Unloading 5 unused Assets to reduce memory usage. Loaded Objects now: 1585.
Total: 1.749100 ms (FindLiveObjects: 0.165400 ms CreateObjectMapping: 0.061600 ms MarkObjects: 1.472900 ms  DeleteObjects: 0.047700 ms)

AssetImportWorkerClient::OnTransportError - code=2 error=End of file
